# JRE version: Java(TM) SE Runtime Environment (17.0.11+7) (build 17.0.11+7-LTS-207)
# Java VM: Java HotSpot(TM) 64-Bit Server VM (17.0.11+7-LTS-207, mixed mode, sharing, tiered, compressed oops, compressed class ptrs, g1 gc, windows-amd64)
GC Precious Log:
 CPUs: 8 total, 8 available
 Memory: 7926M
 Large Page Support: Disabled
 NUMA Support: Disabled
 Compressed Oops: Enabled (32-bit)
 Heap Region Size: 1M
 Heap Min Capacity: 8M
 Heap Initial Capacity: 124M
 Heap Max Capacity: 1982M
 Pre-touch: Disabled
 Parallel Workers: 8
 Concurrent Workers: 2
 Concurrent Refinement Workers: 8
 Periodic GC: Disabled
Heap:
 garbage-first heap   total 40960K, used 27445K [0x0000000084200000, 0x0000000100000000)
  region size 1024K, 9 young (9216K), 1 survivors (1024K)
 Metaspace       used 25510K, committed 25792K, reserved 1114112K
  class space    used 2859K, committed 3008K, reserved 1048576K
GC Heap History (20 events):
Event: 22.474 GC heap before
{Heap before GC invocations=10 (full 0):
 garbage-first heap   total 40960K, used 31264K [0x0000000084200000, 0x0000000100000000)
  region size 1024K, 15 young (15360K), 2 survivors (2048K)
 Metaspace       used 24427K, committed 24704K, reserved 1114112K
  class space    used 2791K, committed 2944K, reserved 1048576K
}
Event: 22.480 GC heap after
{Heap after GC invocations=11 (full 0):
 garbage-first heap   total 40960K, used 18820K [0x0000000084200000, 0x0000000100000000)
  region size 1024K, 2 young (2048K), 2 survivors (2048K)
 Metaspace       used 24427K, committed 24704K, reserved 1114112K
  class space    used 2791K, committed 2944K, reserved 1048576K
}
Event: 24.320 GC heap before
{Heap before GC invocations=11 (full 0):
 garbage-first heap   total 40960K, used 32132K [0x0000000084200000, 0x0000000100000000)
  region size 1024K, 15 young (15360K), 2 survivors (2048K)
 Metaspace       used 24516K, committed 24832K, reserved 1114112K
  class space    used 2792K, committed 2944K, reserved 1048576K
}
Event: 24.324 GC heap after
{Heap after GC invocations=12 (full 0):
 garbage-first heap   total 40960K, used 19260K [0x0000000084200000, 0x0000000100000000)
  region size 1024K, 2 young (2048K), 2 survivors (2048K)
 Metaspace       used 24516K, committed 24832K, reserved 1114112K
  class space    used 2792K, committed 2944K, reserved 1048576K
}
Event: 27.741 GC heap before
{Heap before GC invocations=12 (full 0):
 garbage-first heap   total 40960K, used 32572K [0x0000000084200000, 0x0000000100000000)
  region size 1024K, 15 young (15360K), 2 survivors (2048K)
 Metaspace       used 24657K, committed 24960K, reserved 1114112K
  class space    used 2792K, committed 2944K, reserved 1048576K
}
Event: 27.746 GC heap after
{Heap after GC invocations=13 (full 0):
 garbage-first heap   total 40960K, used 19458K [0x0000000084200000, 0x0000000100000000)
  region size 1024K, 1 young (1024K), 1 survivors (1024K)
 Metaspace       used 24657K, committed 24960K, reserved 1114112K
  class space    used 2792K, committed 2944K, reserved 1048576K
}
Event: 28.740 GC heap before
{Heap before GC invocations=13 (full 0):
 garbage-first heap   total 40960K, used 32770K [0x0000000084200000, 0x0000000100000000)
  region size 1024K, 14 young (14336K), 1 survivors (1024K)
 Metaspace       used 24941K, committed 25216K, reserved 1114112K
  class space    used 2815K, committed 2944K, reserved 1048576K
}
Event: 28.746 GC heap after
{Heap after GC invocations=14 (full 0):
 garbage-first heap   total 40960K, used 20206K [0x0000000084200000, 0x0000000100000000)
  region size 1024K, 2 young (2048K), 2 survivors (2048K)
 Metaspace       used 24941K, committed 25216K, reserved 1114112K
  class space    used 2815K, committed 2944K, reserved 1048576K
}
Event: 29.941 GC heap before
{Heap before GC invocations=15 (full 0):
 garbage-first heap   total 40960K, used 32494K [0x0000000084200000, 0x0000000100000000)
  region size 1024K, 14 young (14336K), 2 survivors (2048K)
 Metaspace       used 24961K, committed 25216K, reserved 1114112K
  class space    used 2815K, committed 2944K, reserved 1048576K
}
Event: 29.944 GC heap after
{Heap after GC invocations=16 (full 0):
 garbage-first heap   total 40960K, used 20275K [0x0000000084200000, 0x0000000100000000)
  region size 1024K, 1 young (1024K), 1 survivors (1024K)
 Metaspace       used 24961K, committed 25216K, reserved 1114112K
  class space    used 2815K, committed 2944K, reserved 1048576K
}
Event: 31.629 GC heap before
{Heap before GC invocations=16 (full 0):
 garbage-first heap   total 40960K, used 33587K [0x0000000084200000, 0x0000000100000000)
  region size 1024K, 15 young (15360K), 1 survivors (1024K)
 Metaspace       used 24964K, committed 25216K, reserved 1114112K
  class space    used 2815K, committed 2944K, reserved 1048576K
}
Event: 31.632 GC heap after
{Heap after GC invocations=17 (full 0):
 garbage-first heap   total 40960K, used 20254K [0x0000000084200000, 0x0000000100000000)
  region size 1024K, 1 young (1024K), 1 survivors (1024K)
 Metaspace       used 24964K, committed 25216K, reserved 1114112K
  class space    used 2815K, committed 2944K, reserved 1048576K
}
Event: 33.269 GC heap before
{Heap before GC invocations=18 (full 0):
 garbage-first heap   total 40960K, used 34590K [0x0000000084200000, 0x0000000100000000)
  region size 1024K, 15 young (15360K), 1 survivors (1024K)
 Metaspace       used 24976K, committed 25216K, reserved 1114112K
  class space    used 2815K, committed 2944K, reserved 1048576K
}
Event: 33.273 GC heap after
{Heap after GC invocations=19 (full 0):
 garbage-first heap   total 40960K, used 20277K [0x0000000084200000, 0x0000000100000000)
  region size 1024K, 1 young (1024K), 1 survivors (1024K)
 Metaspace       used 24976K, committed 25216K, reserved 1114112K
  class space    used 2815K, committed 2944K, reserved 1048576K
}
Event: 34.876 GC heap before
{Heap before GC invocations=19 (full 0):
 garbage-first heap   total 40960K, used 33589K [0x0000000084200000, 0x0000000100000000)
  region size 1024K, 15 young (15360K), 1 survivors (1024K)
 Metaspace       used 24979K, committed 25216K, reserved 1114112K
  class space    used 2815K, committed 2944K, reserved 1048576K
}
Event: 34.879 GC heap after
{Heap after GC invocations=20 (full 0):
 garbage-first heap   total 40960K, used 20241K [0x0000000084200000, 0x0000000100000000)
  region size 1024K, 1 young (1024K), 1 survivors (1024K)
 Metaspace       used 24979K, committed 25216K, reserved 1114112K
  class space    used 2815K, committed 2944K, reserved 1048576K
}
Event: 36.383 GC heap before
{Heap before GC invocations=21 (full 0):
 garbage-first heap   total 40960K, used 33553K [0x0000000084200000, 0x0000000100000000)
  region size 1024K, 15 young (15360K), 1 survivors (1024K)
 Metaspace       used 25067K, committed 25344K, reserved 1114112K
  class space    used 2815K, committed 2944K, reserved 1048576K
}
Event: 36.386 GC heap after
{Heap after GC invocations=22 (full 0):
 garbage-first heap   total 40960K, used 20277K [0x0000000084200000, 0x0000000100000000)
  region size 1024K, 1 young (1024K), 1 survivors (1024K)
 Metaspace       used 25067K, committed 25344K, reserved 1114112K
  class space    used 2815K, committed 2944K, reserved 1048576K
}
Event: 38.215 GC heap before
{Heap before GC invocations=22 (full 0):
 garbage-first heap   total 40960K, used 33589K [0x0000000084200000, 0x0000000100000000)
  region size 1024K, 15 young (15360K), 1 survivors (1024K)
 Metaspace       used 25173K, committed 25408K, reserved 1114112K
  class space    used 2820K, committed 2944K, reserved 1048576K
}
Event: 38.217 GC heap after
{Heap after GC invocations=23 (full 0):
 garbage-first heap   total 40960K, used 20277K [0x0000000084200000, 0x0000000100000000)
  region size 1024K, 1 young (1024K), 1 survivors (1024K)
 Metaspace       used 25173K, committed 25408K, reserved 1114112K
  class space    used 2820K, committed 2944K, reserved 1048576K
}

